[WARN ] 2020-08-13 15:41:32.114 AuthorService:24 - Trigger uri : http://localhost:8080/api/library/authors?size=100
[WARN ] 2020-08-13 15:41:34.557 AuthorService:34 - Trigger uri : http://localhost:8080/api/library/author
[WARN ] 2020-08-13 15:41:35.320 AuthorService:52 - Trigger uri : http://localhost:8080/api/library/author/100002
[WARN ] 2020-08-13 16:38:35.328 BookService:24 - Trigger uri : http://localhost:8080/api/library/books?size=100
[WARN ] 2020-08-13 16:38:35.969 AuthorService:24 - Trigger uri : http://localhost:8080/api/library/authors?size=100
[WARN ] 2020-08-13 16:40:08.574 BookService:24 - Trigger uri : http://localhost:8080/api/library/books?size=100
[WARN ] 2020-08-13 16:40:10.683 AuthorService:24 - Trigger uri : http://localhost:8080/api/library/authors?size=100
[WARN ] 2020-08-13 16:40:52.026 BookService:24 - Trigger uri : http://localhost:8080/api/library/books?size=100
[WARN ] 2020-08-13 16:40:54.726 AuthorService:24 - Trigger uri : http://localhost:8080/api/library/authors?size=100
[WARN ] 2020-08-13 16:41:04.402 BookService:34 - Trigger uri : http://localhost:8080/api/library/book/100001/9111
[WARN ] 2020-08-13 16:46:07.936 BookService:24 - Trigger uri : http://localhost:8080/api/library/books?size=100
[WARN ] 2020-08-13 16:46:08.973 AuthorService:24 - Trigger uri : http://localhost:8080/api/library/authors?size=100
[WARN ] 2020-08-13 16:46:10.551 BookService:34 - Trigger uri : http://localhost:8080/api/library/book/100001/9111
[WARN ] 2020-08-13 16:46:11.233 BookService:52 - Trigger uri : http://localhost:8080/api/library/book/5368
[WARN ] 2020-08-13 16:49:50.761 BookService:24 - Trigger uri : http://localhost:8080/api/library/books?size=100
[WARN ] 2020-08-13 16:49:51.492 AuthorService:24 - Trigger uri : http://localhost:8080/api/library/authors?size=100
[WARN ] 2020-08-13 16:49:52.699 BookService:34 - Trigger uri : http://localhost:8080/api/library/book/100001/9112
[WARN ] 2020-08-13 16:51:43.429 BookService:24 - Trigger uri : http://localhost:8080/api/library/books?size=100
[WARN ] 2020-08-13 16:51:44.641 AuthorService:24 - Trigger uri : http://localhost:8080/api/library/authors?size=100
[WARN ] 2020-08-13 16:51:45.450 BookService:34 - Trigger uri : http://localhost:8080/api/library/book/100001/9112
[WARN ] 2020-08-13 17:14:50.679 AuthorService:24 - Trigger uri : http://localhost:8080/api/library/authors?size=100
[WARN ] 2020-08-13 17:14:52.296 AuthorService:34 - Trigger uri : http://localhost:8080/api/library/author
[WARN ] 2020-08-13 17:14:52.733 AuthorService:44 - Trigger uri : http://localhost:8080/api/library/author/100002
[WARN ] 2020-08-13 17:26:04.706 AuthorService:24 - Trigger uri : http://localhost:8080/api/library/authors?size=100
[WARN ] 2020-08-13 17:26:06.383 AuthorService:34 - Trigger uri : http://localhost:8080/api/library/author
[WARN ] 2020-08-13 17:26:07.052 AuthorService:44 - Trigger uri : http://localhost:8080/api/library/author
[WARN ] 2020-08-13 17:27:24.921 AuthorService:24 - Trigger uri : http://localhost:8080/api/library/authors?size=100
[WARN ] 2020-08-13 17:27:25.722 AuthorService:34 - Trigger uri : http://localhost:8080/api/library/author
[WARN ] 2020-08-13 17:27:26.183 AuthorService:44 - Trigger uri : http://localhost:8080/api/library/author
[WARN ] 2020-08-13 17:28:44.906 AuthorService:24 - Trigger uri : http://localhost:8080/api/library/authors?size=100
[WARN ] 2020-08-13 17:28:47.045 AuthorService:34 - Trigger uri : http://localhost:8080/api/library/author
[WARN ] 2020-08-13 17:28:47.875 AuthorService:44 - Trigger uri : http://localhost:8080/api/library/author
[WARN ] 2020-08-13 17:28:48.801 AuthorService:62 - Trigger uri : http://localhost:8080/api/library/author/100005
[WARN ] 2020-08-13 17:30:52.405 AuthorService:24 - Trigger uri : http://localhost:8080/api/library/authors?size=100
[WARN ] 2020-08-13 17:30:53.643 AuthorService:34 - Trigger uri : http://localhost:8080/api/library/author
[WARN ] 2020-08-13 17:30:54.417 AuthorService:44 - Trigger uri : http://localhost:8080/api/library/author
[WARN ] 2020-08-13 17:32:17.526 AuthorService:24 - Trigger uri : http://localhost:8080/api/library/authors?size=100
[WARN ] 2020-08-13 17:32:20.208 AuthorService:34 - Trigger uri : http://localhost:8080/api/library/author
[WARN ] 2020-08-13 17:32:20.824 AuthorService:44 - Trigger uri : http://localhost:8080/api/library/author
[WARN ] 2020-08-13 17:32:21.920 AuthorService:62 - Trigger uri : http://localhost:8080/api/library/author/100006
[WARN ] 2020-08-13 17:54:49.349 BookService:36 - Trigger uri : http://localhost:8080/api/library/books?size=100&sortBy=bookName
[WARN ] 2020-08-13 17:58:11.001 BookService:36 - Trigger uri : http://localhost:8080/api/library/books?size=100&sortBy=bookName
[WARN ] 2020-08-13 18:00:48.266 BookService:36 - Trigger uri : http://localhost:8080/api/library/books?size=100&sortBy=bookName
[WARN ] 2020-08-13 18:10:47.318 BookService:27 - Trigger uri : http://localhost:8080/api/library/books?size=100
[WARN ] 2020-08-13 18:10:48.817 AuthorService:24 - Trigger uri : http://localhost:8080/api/library/authors?size=100
[WARN ] 2020-08-13 18:10:50.037 BookService:46 - Trigger uri : http://localhost:8080/api/library/book/100005/9112
[WARN ] 2020-08-13 18:10:50.041 SaveBookWithNonexistentGenreTest:64 - Saving a Book with id: 5368failed because of nonexistent Genre with id: 9112
[WARN ] 2020-08-13 18:10:50.581 SaveExistedGenreTest:36 - Falling to save a Genre with id: 9111
[WARN ] 2020-08-13 18:10:50.870 AuthorService:24 - Trigger uri : http://localhost:8080/api/library/authors?size=100
[WARN ] 2020-08-13 18:10:52.852 AuthorService:34 - Trigger uri : http://localhost:8080/api/library/author
[WARN ] 2020-08-13 18:10:54.345 AuthorService:62 - Trigger uri : http://localhost:8080/api/library/author/100006
[WARN ] 2020-08-13 18:10:54.772 BookService:27 - Trigger uri : http://localhost:8080/api/library/books?size=100
[WARN ] 2020-08-13 18:10:55.182 AuthorService:24 - Trigger uri : http://localhost:8080/api/library/authors?size=100
[WARN ] 2020-08-13 18:10:55.955 BookService:46 - Trigger uri : http://localhost:8080/api/library/book/100005/9111
[WARN ] 2020-08-13 18:10:56.417 BookService:64 - Trigger uri : http://localhost:8080/api/library/book/5368
[WARN ] 2020-08-13 18:10:58.317 AuthorService:24 - Trigger uri : http://localhost:8080/api/library/authors?size=100
[WARN ] 2020-08-13 18:10:58.661 AuthorService:34 - Trigger uri : http://localhost:8080/api/library/author
[WARN ] 2020-08-13 18:10:59.645 AuthorService:44 - Trigger uri : http://localhost:8080/api/library/author
[WARN ] 2020-08-13 18:10:59.992 AuthorService:62 - Trigger uri : http://localhost:8080/api/library/author/100006
[WARN ] 2020-08-13 18:11:00.208 BookService:36 - Trigger uri : http://localhost:8080/api/library/books?size=100&sortBy=bookName
[WARN ] 2020-08-13 18:12:57.151 BookService:27 - Trigger uri : http://localhost:8080/api/library/books?size=100
[WARN ] 2020-08-13 18:12:57.832 AuthorService:24 - Trigger uri : http://localhost:8080/api/library/authors?size=100
[WARN ] 2020-08-13 18:12:58.741 BookService:46 - Trigger uri : http://localhost:8080/api/library/book/100005/9112
[WARN ] 2020-08-13 18:12:58.746 SaveBookWithNonexistentGenreTest:64 - Saving a Book with id: 5368failed because of nonexistent Genre with id: 9112
[WARN ] 2020-08-13 18:12:59.742 SaveExistedGenreTest:36 - Falling to save a Genre with id: 9111
[WARN ] 2020-08-13 18:13:00.203 AuthorService:24 - Trigger uri : http://localhost:8080/api/library/authors?size=100
[WARN ] 2020-08-13 18:13:00.696 AuthorService:34 - Trigger uri : http://localhost:8080/api/library/author
[WARN ] 2020-08-13 18:13:01.126 AuthorService:62 - Trigger uri : http://localhost:8080/api/library/author/100006
[WARN ] 2020-08-13 18:13:02.345 BookService:27 - Trigger uri : http://localhost:8080/api/library/books?size=100
[WARN ] 2020-08-13 18:13:02.477 AuthorService:24 - Trigger uri : http://localhost:8080/api/library/authors?size=100
[WARN ] 2020-08-13 18:13:03.237 BookService:46 - Trigger uri : http://localhost:8080/api/library/book/100005/9111
[WARN ] 2020-08-13 18:13:03.866 BookService:64 - Trigger uri : http://localhost:8080/api/library/book/5368
[WARN ] 2020-08-13 18:13:08.384 AuthorService:24 - Trigger uri : http://localhost:8080/api/library/authors?size=100
[WARN ] 2020-08-13 18:13:09.330 AuthorService:34 - Trigger uri : http://localhost:8080/api/library/author
[WARN ] 2020-08-13 18:13:10.928 AuthorService:44 - Trigger uri : http://localhost:8080/api/library/author
[WARN ] 2020-08-13 18:13:11.806 AuthorService:62 - Trigger uri : http://localhost:8080/api/library/author/100006
[WARN ] 2020-08-13 18:13:14.999 BookService:36 - Trigger uri : http://localhost:8080/api/library/books?size=100&sortBy=bookName
[WARN ] 2020-08-13 18:39:04.944 AuthorService:24 - Trigger uri : http://localhost:8080/api/library/authors?size=100
[WARN ] 2020-08-13 19:18:17.206 AuthService:28 - Trigger uri : http://localhost:8080/api/library/login
[WARN ] 2020-08-13 19:39:14.520 AuthService:28 - Trigger uri : http://localhost:8080/api/library/login
[WARN ] 2020-08-13 19:40:39.336 AuthService:28 - Trigger uri : http://localhost:8080/api/library/login
[WARN ] 2020-08-13 19:45:51.828 AuthService:28 - Trigger uri : http://localhost:8080/api/library/login
[WARN ] 2020-08-13 19:46:02.291 AuthorService:25 - Trigger uri : http://localhost:8080/api/library/authors?size=100
[WARN ] 2020-08-13 19:47:09.865 AuthService:28 - Trigger uri : http://localhost:8080/api/library/login
[WARN ] 2020-08-13 19:47:10.199 AuthorService:54 - Trigger uri : http://localhost:8080/api/library/author/22222
[WARN ] 2020-08-13 19:47:41.199 AuthService:28 - Trigger uri : http://localhost:8080/api/library/login
[WARN ] 2020-08-13 19:47:41.685 AuthorService:25 - Trigger uri : http://localhost:8080/api/library/authors?size=100
[WARN ] 2020-08-13 20:13:43.916 AuthenticationService:28 - Trigger uri : http://localhost:8080/api/library/login
[WARN ] 2020-08-13 20:13:43.939 AuthenticationService:32 - Auth token received from the header
[WARN ] 2020-08-13 20:13:46.167 BookService:36 - Trigger uri : http://localhost:8080/api/library/books?size=100&sortBy=bookName
[WARN ] 2020-08-13 20:14:39.672 AuthenticationService:28 - Trigger uri : http://localhost:8080/api/library/login
[WARN ] 2020-08-13 20:14:39.678 AuthenticationService:32 - Auth token received from the header
[WARN ] 2020-08-13 20:14:40.552 BookService:27 - Trigger uri : http://localhost:8080/api/library/books?size=100
[WARN ] 2020-08-13 20:14:48.741 AuthorService:25 - Trigger uri : http://localhost:8080/api/library/authors?size=100
[WARN ] 2020-08-13 20:15:05.850 BookService:46 - Trigger uri : http://localhost:8080/api/library/book/100005/9112
[WARN ] 2020-08-13 20:15:05.854 SaveBookWithNonexistentGenreTest:64 - Saving a Book with id: 5368failed because of nonexistent Genre with id: 9112
[WARN ] 2020-08-13 20:15:07.204 AuthenticationService:28 - Trigger uri : http://localhost:8080/api/library/login
[WARN ] 2020-08-13 20:15:07.207 AuthenticationService:32 - Auth token received from the header
[WARN ] 2020-08-13 20:15:07.922 SaveExistedGenreTest:36 - Falling to save a Genre with id: 9111
[WARN ] 2020-08-13 20:15:08.517 AuthenticationService:28 - Trigger uri : http://localhost:8080/api/library/login
[WARN ] 2020-08-13 20:15:08.518 AuthenticationService:32 - Auth token received from the header
[WARN ] 2020-08-13 20:15:08.882 AuthorService:25 - Trigger uri : http://localhost:8080/api/library/authors?size=100
[WARN ] 2020-08-13 20:15:17.946 AuthorService:35 - Trigger uri : http://localhost:8080/api/library/author
[WARN ] 2020-08-13 20:15:20.629 AuthorService:63 - Trigger uri : http://localhost:8080/api/library/author/100006
[WARN ] 2020-08-13 20:15:21.546 AuthenticationService:28 - Trigger uri : http://localhost:8080/api/library/login
[WARN ] 2020-08-13 20:15:21.555 AuthenticationService:32 - Auth token received from the header
[WARN ] 2020-08-13 20:15:21.977 BookService:27 - Trigger uri : http://localhost:8080/api/library/books?size=100
[WARN ] 2020-08-13 20:15:22.212 AuthorService:25 - Trigger uri : http://localhost:8080/api/library/authors?size=100
[WARN ] 2020-08-13 20:15:23.262 BookService:46 - Trigger uri : http://localhost:8080/api/library/book/100005/9111
[WARN ] 2020-08-13 20:15:23.650 BookService:64 - Trigger uri : http://localhost:8080/api/library/book/5368
[WARN ] 2020-08-13 20:15:24.159 AuthenticationService:28 - Trigger uri : http://localhost:8080/api/library/login
[WARN ] 2020-08-13 20:15:24.164 AuthenticationService:32 - Auth token received from the header
[WARN ] 2020-08-13 20:15:26.992 AuthenticationService:28 - Trigger uri : http://localhost:8080/api/library/login
[WARN ] 2020-08-13 20:15:26.993 AuthenticationService:32 - Auth token received from the header
[WARN ] 2020-08-13 20:15:27.416 AuthorService:25 - Trigger uri : http://localhost:8080/api/library/authors?size=100
[WARN ] 2020-08-13 20:15:27.710 AuthorService:35 - Trigger uri : http://localhost:8080/api/library/author
[WARN ] 2020-08-13 20:15:28.161 AuthorService:45 - Trigger uri : http://localhost:8080/api/library/author
[WARN ] 2020-08-13 20:15:28.485 AuthorService:63 - Trigger uri : http://localhost:8080/api/library/author/100006
[WARN ] 2020-08-13 20:15:29.467 AuthenticationService:28 - Trigger uri : http://localhost:8080/api/library/login
[WARN ] 2020-08-13 20:15:29.468 AuthenticationService:32 - Auth token received from the header
[WARN ] 2020-08-13 20:15:29.792 BookService:36 - Trigger uri : http://localhost:8080/api/library/books?size=100&sortBy=bookName
[WARN ] 2020-08-13 20:17:37.526 AuthenticationService:29 - Trigger uri : http://localhost:8080/api/library/login
[WARN ] 2020-08-13 20:17:37.532 AuthenticationService:33 - Auth token received from the header
[WARN ] 2020-08-13 20:26:59.611 AuthenticationService:29 - Trigger uri : http://localhost:8080/api/library/login
[WARN ] 2020-08-13 20:26:59.637 AuthenticationService:37 - Auth token received from the header
[WARN ] 2020-08-13 20:27:00.027 BookService:27 - Trigger uri : http://localhost:8080/api/library/books?size=100
[WARN ] 2020-08-13 20:27:00.882 AuthorService:25 - Trigger uri : http://localhost:8080/api/library/authors?size=100
[WARN ] 2020-08-13 20:27:01.592 BookService:46 - Trigger uri : http://localhost:8080/api/library/book/100005/9112
[WARN ] 2020-08-13 20:27:01.596 SaveBookWithNonexistentGenreTest:64 - Saving a Book with id: 5368failed because of nonexistent Genre with id: 9112
[WARN ] 2020-08-13 20:27:02.580 AuthenticationService:29 - Trigger uri : http://localhost:8080/api/library/login
[WARN ] 2020-08-13 20:27:02.583 AuthenticationService:37 - Auth token received from the header
[WARN ] 2020-08-13 20:27:02.880 SaveExistedGenreTest:36 - Falling to save a Genre with id: 9111
[WARN ] 2020-08-13 20:27:03.488 AuthenticationService:29 - Trigger uri : http://localhost:8080/api/library/login
[WARN ] 2020-08-13 20:27:03.490 AuthenticationService:37 - Auth token received from the header
[WARN ] 2020-08-13 20:27:03.901 AuthorService:25 - Trigger uri : http://localhost:8080/api/library/authors?size=100
[WARN ] 2020-08-13 20:27:04.300 AuthorService:35 - Trigger uri : http://localhost:8080/api/library/author
[WARN ] 2020-08-13 20:27:04.658 AuthorService:63 - Trigger uri : http://localhost:8080/api/library/author/100006
[WARN ] 2020-08-13 20:27:05.200 AuthenticationService:29 - Trigger uri : http://localhost:8080/api/library/login
[WARN ] 2020-08-13 20:27:05.201 AuthenticationService:37 - Auth token received from the header
[WARN ] 2020-08-13 20:27:05.384 BookService:27 - Trigger uri : http://localhost:8080/api/library/books?size=100
[WARN ] 2020-08-13 20:27:05.568 AuthorService:25 - Trigger uri : http://localhost:8080/api/library/authors?size=100
[WARN ] 2020-08-13 20:27:06.046 BookService:46 - Trigger uri : http://localhost:8080/api/library/book/100005/9111
[WARN ] 2020-08-13 20:27:06.432 BookService:64 - Trigger uri : http://localhost:8080/api/library/book/5368
[WARN ] 2020-08-13 20:27:07.532 AuthenticationService:29 - Trigger uri : http://localhost:8080/api/library/login
[WARN ] 2020-08-13 20:27:07.533 AuthenticationService:37 - Auth token received from the header
[WARN ] 2020-08-13 20:27:08.999 AuthenticationService:29 - Trigger uri : http://localhost:8080/api/library/login
[WARN ] 2020-08-13 20:27:09.001 AuthenticationService:37 - Auth token received from the header
[WARN ] 2020-08-13 20:27:09.405 AuthorService:25 - Trigger uri : http://localhost:8080/api/library/authors?size=100
[WARN ] 2020-08-13 20:27:09.615 AuthorService:35 - Trigger uri : http://localhost:8080/api/library/author
[WARN ] 2020-08-13 20:27:09.889 AuthorService:45 - Trigger uri : http://localhost:8080/api/library/author
[WARN ] 2020-08-13 20:27:10.125 AuthorService:63 - Trigger uri : http://localhost:8080/api/library/author/100006
[WARN ] 2020-08-13 20:27:10.912 AuthenticationService:29 - Trigger uri : http://localhost:8080/api/library/login
[WARN ] 2020-08-13 20:27:10.913 AuthenticationService:37 - Auth token received from the header
[WARN ] 2020-08-13 20:27:11.066 BookService:36 - Trigger uri : http://localhost:8080/api/library/books?size=100&sortBy=bookName
[WARN ] 2020-08-13 20:28:09.137 AuthenticationService:29 - Trigger uri : http://localhost:8080/api/library/login
[WARN ] 2020-08-13 20:28:49.573 AuthenticationService:29 - Trigger uri : http://localhost:8080/api/library/login
[WARN ] 2020-08-13 20:28:49.838 BookService:27 - Trigger uri : http://localhost:8080/api/library/books?size=100
[WARN ] 2020-08-13 20:28:50.808 AuthenticationService:29 - Trigger uri : http://localhost:8080/api/library/login
[WARN ] 2020-08-13 20:28:51.695 AuthenticationService:29 - Trigger uri : http://localhost:8080/api/library/login
[WARN ] 2020-08-13 20:28:51.837 AuthorService:25 - Trigger uri : http://localhost:8080/api/library/authors?size=100
[WARN ] 2020-08-13 20:28:52.595 AuthenticationService:29 - Trigger uri : http://localhost:8080/api/library/login
[WARN ] 2020-08-13 20:28:52.704 BookService:27 - Trigger uri : http://localhost:8080/api/library/books?size=100
[WARN ] 2020-08-13 20:28:53.431 AuthenticationService:29 - Trigger uri : http://localhost:8080/api/library/login
[WARN ] 2020-08-13 20:28:54.789 AuthenticationService:29 - Trigger uri : http://localhost:8080/api/library/login
[WARN ] 2020-08-13 20:28:54.871 AuthorService:25 - Trigger uri : http://localhost:8080/api/library/authors?size=100
[WARN ] 2020-08-13 20:28:55.931 AuthenticationService:29 - Trigger uri : http://localhost:8080/api/library/login
[WARN ] 2020-08-13 20:28:56.051 BookService:36 - Trigger uri : http://localhost:8080/api/library/books?size=100&sortBy=bookName
[WARN ] 2020-08-13 20:30:10.709 AuthenticationService:29 - Trigger uri : http://localhost:8080/api/library/login
[WARN ] 2020-08-13 20:30:12.374 AuthenticationService:29 - Trigger uri : http://localhost:8080/api/library/login
[WARN ] 2020-08-13 20:30:13.731 AuthenticationService:29 - Trigger uri : http://localhost:8080/api/library/login
[WARN ] 2020-08-13 20:30:14.498 AuthenticationService:29 - Trigger uri : http://localhost:8080/api/library/login
[WARN ] 2020-08-13 20:30:15.136 AuthenticationService:29 - Trigger uri : http://localhost:8080/api/library/login
[WARN ] 2020-08-13 20:30:15.886 AuthenticationService:29 - Trigger uri : http://localhost:8080/api/library/login
[WARN ] 2020-08-13 20:30:16.530 AuthenticationService:29 - Trigger uri : http://localhost:8080/api/library/login
[WARN ] 2020-08-13 20:33:30.520 AuthenticationService:29 - Trigger uri : http://localhost:8080/api/library/login
[WARN ] 2020-08-13 20:40:53.254 AuthenticationService:29 - Trigger uri : http://localhost:8080/api/library/login
[WARN ] 2020-08-13 20:41:45.139 AuthenticationService:29 - Trigger uri : http://localhost:8080/api/library/login
[WARN ] 2020-08-13 20:41:45.144 AuthenticationService:37 - Auth token received from the header
[WARN ] 2020-08-13 20:41:47.731 BookService:27 - Trigger uri : http://localhost:8080/api/library/books?size=100
[WARN ] 2020-08-13 20:44:09.592 AuthenticationService:29 - Trigger uri : http://localhost:8080/api/library/login
[WARN ] 2020-08-13 20:44:09.596 AuthenticationService:37 - Auth token received from the header
[WARN ] 2020-08-13 20:44:10.133 BookService:27 - Trigger uri : http://localhost:8080/api/library/books?size=100
[WARN ] 2020-08-13 20:46:20.321 AuthenticationService:29 - Trigger uri : http://localhost:8080/api/library/login
[WARN ] 2020-08-13 20:46:20.326 AuthenticationService:37 - Auth token received from the header
[WARN ] 2020-08-13 20:46:20.820 BookService:36 - Trigger uri : http://localhost:8080/api/library/books?size=100
[WARN ] 2020-08-13 20:48:16.763 AuthenticationService:29 - Trigger uri : http://localhost:8080/api/library/login
[WARN ] 2020-08-13 20:48:16.767 AuthenticationService:37 - Auth token received from the header
[WARN ] 2020-08-13 20:48:17.031 BookService:27 - Trigger uri : http://localhost:8080/api/library/books?size=100
[WARN ] 2020-08-13 20:48:17.615 AuthorService:25 - Trigger uri : http://localhost:8080/api/library/authors?size=100
[WARN ] 2020-08-13 20:48:18.309 BookService:55 - Trigger uri : http://localhost:8080/api/library/book/100005/9112
[WARN ] 2020-08-13 20:48:18.312 SaveBookWithNonexistentGenreTest:64 - Saving a Book with id: 5368failed because of nonexistent Genre with id: 9112
[WARN ] 2020-08-13 20:48:19.822 AuthenticationService:29 - Trigger uri : http://localhost:8080/api/library/login
[WARN ] 2020-08-13 20:48:19.823 AuthenticationService:37 - Auth token received from the header
[WARN ] 2020-08-13 20:48:20.450 SaveExistedGenreTest:36 - Falling to save a Genre with id: 9111
[WARN ] 2020-08-13 20:48:21.582 AuthenticationService:29 - Trigger uri : http://localhost:8080/api/library/login
[WARN ] 2020-08-13 20:48:21.584 AuthenticationService:37 - Auth token received from the header
[WARN ] 2020-08-13 20:48:21.714 AuthorService:25 - Trigger uri : http://localhost:8080/api/library/authors?size=100
[WARN ] 2020-08-13 20:48:22.168 AuthorService:35 - Trigger uri : http://localhost:8080/api/library/author
[WARN ] 2020-08-13 20:48:22.443 AuthorService:63 - Trigger uri : http://localhost:8080/api/library/author/100006
[WARN ] 2020-08-13 20:48:23.742 AuthenticationService:29 - Trigger uri : http://localhost:8080/api/library/login
[WARN ] 2020-08-13 20:48:23.743 AuthenticationService:37 - Auth token received from the header
[WARN ] 2020-08-13 20:48:23.924 BookService:27 - Trigger uri : http://localhost:8080/api/library/books?size=100
[WARN ] 2020-08-13 20:48:24.457 AuthorService:25 - Trigger uri : http://localhost:8080/api/library/authors?size=100
[WARN ] 2020-08-13 20:48:25.290 BookService:55 - Trigger uri : http://localhost:8080/api/library/book/100005/9111
[WARN ] 2020-08-13 20:48:25.548 BookService:73 - Trigger uri : http://localhost:8080/api/library/book/5368
[WARN ] 2020-08-13 20:48:26.222 AuthenticationService:29 - Trigger uri : http://localhost:8080/api/library/login
[WARN ] 2020-08-13 20:48:26.223 AuthenticationService:37 - Auth token received from the header
[WARN ] 2020-08-13 20:48:27.903 AuthenticationService:29 - Trigger uri : http://localhost:8080/api/library/login
[WARN ] 2020-08-13 20:48:27.904 AuthenticationService:37 - Auth token received from the header
[WARN ] 2020-08-13 20:48:28.189 AuthorService:25 - Trigger uri : http://localhost:8080/api/library/authors?size=100
[WARN ] 2020-08-13 20:48:28.486 AuthorService:35 - Trigger uri : http://localhost:8080/api/library/author
[WARN ] 2020-08-13 20:48:28.824 AuthorService:45 - Trigger uri : http://localhost:8080/api/library/author
[WARN ] 2020-08-13 20:48:29.047 AuthorService:63 - Trigger uri : http://localhost:8080/api/library/author/100006
[WARN ] 2020-08-13 20:48:29.619 AuthenticationService:29 - Trigger uri : http://localhost:8080/api/library/login
[WARN ] 2020-08-13 20:48:29.620 AuthenticationService:37 - Auth token received from the header
[WARN ] 2020-08-13 20:48:29.848 BookService:45 - Trigger uri : http://localhost:8080/api/library/books?size=100&sortBy=bookName
[WARN ] 2020-08-13 20:48:30.866 AuthenticationService:29 - Trigger uri : http://localhost:8080/api/library/login
[WARN ] 2020-08-13 20:48:30.867 AuthenticationService:37 - Auth token received from the header
[WARN ] 2020-08-13 20:48:30.983 BookService:36 - Trigger uri : http://localhost:8080/api/library/books
[WARN ] 2020-08-13 20:48:30.989 VerifyConnectionWithoutTokenTest:18 - Connection without token failed
[WARN ] 2020-08-13 20:49:53.092 AuthenticationService:29 - Trigger uri : http://localhost:8080/api/library/login
[WARN ] 2020-08-13 20:49:53.096 AuthenticationService:38 - Auth token received from the header
[WARN ] 2020-08-13 20:49:53.676 BookService:27 - Trigger uri : http://localhost:8080/api/library/books?size=100
[WARN ] 2020-08-13 20:49:54.967 AuthorService:25 - Trigger uri : http://localhost:8080/api/library/authors?size=100
[WARN ] 2020-08-13 20:49:55.796 BookService:55 - Trigger uri : http://localhost:8080/api/library/book/100005/9112
[WARN ] 2020-08-13 20:49:55.800 SaveBookWithNonexistentGenreTest:64 - Saving a Book with id: 5368failed because of nonexistent Genre with id: 9112
[WARN ] 2020-08-13 20:49:56.886 AuthenticationService:29 - Trigger uri : http://localhost:8080/api/library/login
[WARN ] 2020-08-13 20:49:56.889 AuthenticationService:38 - Auth token received from the header
[WARN ] 2020-08-13 20:49:57.278 SaveExistedGenreTest:36 - Falling to save a Genre with id: 9111
[WARN ] 2020-08-13 20:49:58.119 AuthenticationService:29 - Trigger uri : http://localhost:8080/api/library/login
[WARN ] 2020-08-13 20:49:58.121 AuthenticationService:38 - Auth token received from the header
[WARN ] 2020-08-13 20:49:58.292 AuthorService:25 - Trigger uri : http://localhost:8080/api/library/authors?size=100
[WARN ] 2020-08-13 20:49:58.650 AuthorService:35 - Trigger uri : http://localhost:8080/api/library/author
[WARN ] 2020-08-13 20:49:59.160 AuthorService:63 - Trigger uri : http://localhost:8080/api/library/author/100006
[WARN ] 2020-08-13 20:49:59.677 AuthenticationService:29 - Trigger uri : http://localhost:8080/api/library/login
[WARN ] 2020-08-13 20:49:59.684 AuthenticationService:38 - Auth token received from the header
[WARN ] 2020-08-13 20:49:59.886 BookService:27 - Trigger uri : http://localhost:8080/api/library/books?size=100
[WARN ] 2020-08-13 20:50:00.078 AuthorService:25 - Trigger uri : http://localhost:8080/api/library/authors?size=100
[WARN ] 2020-08-13 20:50:00.695 BookService:55 - Trigger uri : http://localhost:8080/api/library/book/100005/9111
[WARN ] 2020-08-13 20:50:00.950 BookService:73 - Trigger uri : http://localhost:8080/api/library/book/5368
[WARN ] 2020-08-13 20:50:01.873 AuthenticationService:29 - Trigger uri : http://localhost:8080/api/library/login
[WARN ] 2020-08-13 20:50:01.892 AuthenticationService:38 - Auth token received from the header
[WARN ] 2020-08-13 20:50:03.353 AuthenticationService:29 - Trigger uri : http://localhost:8080/api/library/login
[WARN ] 2020-08-13 20:50:03.354 AuthenticationService:38 - Auth token received from the header
[WARN ] 2020-08-13 20:50:03.622 AuthorService:25 - Trigger uri : http://localhost:8080/api/library/authors?size=100
[WARN ] 2020-08-13 20:50:03.866 AuthorService:35 - Trigger uri : http://localhost:8080/api/library/author
[WARN ] 2020-08-13 20:50:04.193 AuthorService:45 - Trigger uri : http://localhost:8080/api/library/author
[WARN ] 2020-08-13 20:50:04.417 AuthorService:63 - Trigger uri : http://localhost:8080/api/library/author/100006
[WARN ] 2020-08-13 20:50:05.244 AuthenticationService:29 - Trigger uri : http://localhost:8080/api/library/login
[WARN ] 2020-08-13 20:50:05.245 AuthenticationService:38 - Auth token received from the header
[WARN ] 2020-08-13 20:50:05.425 BookService:45 - Trigger uri : http://localhost:8080/api/library/books?size=100&sortBy=bookName
[WARN ] 2020-08-13 20:50:06.552 AuthenticationService:29 - Trigger uri : http://localhost:8080/api/library/login
[WARN ] 2020-08-13 20:50:06.554 AuthenticationService:38 - Auth token received from the header
[WARN ] 2020-08-13 20:50:06.641 BookService:36 - Trigger uri : http://localhost:8080/api/library/books
[WARN ] 2020-08-13 20:50:06.642 VerifyConnectionWithoutTokenTest:18 - Connection without token failed
[WARN ] 2020-08-13 21:20:11.978 AuthenticationService:29 - Trigger uri : http://localhost:8080/api/library/login
[WARN ] 2020-08-13 21:20:12.024 AuthenticationService:38 - Auth token received from the header
[WARN ] 2020-08-13 21:20:13.075 AuthorService:35 - Trigger uri : http://localhost:8080/api/library/author
[WARN ] 2020-08-13 21:21:20.125 AuthenticationService:29 - Trigger uri : http://localhost:8080/api/library/login
[WARN ] 2020-08-13 21:21:20.130 AuthenticationService:38 - Auth token received from the header
[WARN ] 2020-08-13 21:21:20.497 AuthorService:35 - Trigger uri : http://localhost:8080/api/library/author
[WARN ] 2020-08-13 21:21:50.633 AuthenticationService:29 - Trigger uri : http://localhost:8080/api/library/login
[WARN ] 2020-08-13 21:21:50.639 AuthenticationService:38 - Auth token received from the header
[WARN ] 2020-08-13 21:22:35.646 AuthenticationService:29 - Trigger uri : http://localhost:8080/api/library/login
[WARN ] 2020-08-13 21:22:35.653 AuthenticationService:38 - Auth token received from the header
[WARN ] 2020-08-13 21:22:36.253 AuthorService:35 - Trigger uri : http://localhost:8080/api/library/author
[WARN ] 2020-08-13 21:23:22.834 AuthenticationService:29 - Trigger uri : http://localhost:8080/api/library/login
[WARN ] 2020-08-13 21:23:22.840 AuthenticationService:38 - Auth token received from the header
[WARN ] 2020-08-13 21:23:23.197 AuthorService:35 - Trigger uri : http://localhost:8080/api/library/author
[WARN ] 2020-08-13 21:24:07.286 AuthenticationService:29 - Trigger uri : http://localhost:8080/api/library/login
[WARN ] 2020-08-13 21:24:07.291 AuthenticationService:38 - Auth token received from the header
[WARN ] 2020-08-13 21:24:11.721 AuthorService:35 - Trigger uri : http://localhost:8080/api/library/author
[WARN ] 2020-08-13 21:24:34.120 AuthenticationService:29 - Trigger uri : http://localhost:8080/api/library/login
[WARN ] 2020-08-13 21:24:34.126 AuthenticationService:38 - Auth token received from the header
[WARN ] 2020-08-13 21:24:34.716 AuthorService:35 - Trigger uri : http://localhost:8080/api/library/author
[WARN ] 2020-08-13 21:29:25.314 AuthenticationService:29 - Trigger uri : http://localhost:8080/api/library/login
[WARN ] 2020-08-13 21:29:25.495 AuthenticationService:38 - Auth token received from the header
[WARN ] 2020-08-13 21:29:28.930 AuthorService:35 - Trigger uri : http://localhost:8080/api/library/author
[WARN ] 2020-08-13 21:42:53.108 AuthenticationService:29 - Trigger uri : http://localhost:8080/api/library/login
[WARN ] 2020-08-13 21:42:53.533 AuthenticationService:38 - Auth token received from the header
[WARN ] 2020-08-13 21:42:56.892 AuthorService:35 - Trigger uri : http://localhost:8080/api/library/author
[WARN ] 2020-08-13 21:43:56.975 AuthenticationService:29 - Trigger uri : http://localhost:8080/api/library/login
[WARN ] 2020-08-13 21:43:56.984 AuthenticationService:38 - Auth token received from the header
[WARN ] 2020-08-13 21:44:00.493 AuthorService:25 - Trigger uri : http://localhost:8080/api/library/authors?size=100
[WARN ] 2020-08-13 21:44:05.279 AuthorService:35 - Trigger uri : http://localhost:8080/api/library/author
[WARN ] 2020-08-13 21:44:08.256 AuthorService:63 - Trigger uri : http://localhost:8080/api/library/author/100006
[WARN ] 2020-08-13 21:51:06.748 AuthenticationService:29 - Trigger uri : http://localhost:8080/api/library/login
[WARN ] 2020-08-13 21:51:06.775 AuthenticationService:38 - Auth token received from the header
[WARN ] 2020-08-13 21:51:14.870 AuthorService:35 - Trigger uri : http://localhost:8080/api/library/author
[WARN ] 2020-08-13 21:52:27.964 AuthenticationService:29 - Trigger uri : http://localhost:8080/api/library/login
[WARN ] 2020-08-13 21:52:27.968 AuthenticationService:38 - Auth token received from the header
[WARN ] 2020-08-13 21:52:28.660 AuthorService:35 - Trigger uri : http://localhost:8080/api/library/author
[WARN ] 2020-08-13 21:53:54.564 AuthenticationService:29 - Trigger uri : http://localhost:8080/api/library/login
[WARN ] 2020-08-13 21:53:54.577 AuthenticationService:38 - Auth token received from the header
[WARN ] 2020-08-13 21:53:54.957 AuthorService:35 - Trigger uri : http://localhost:8080/api/library/author
[WARN ] 2020-08-13 22:00:34.342 AuthenticationService:29 - Trigger uri : http://localhost:8080/api/library/login
[WARN ] 2020-08-13 22:00:34.901 AuthenticationService:38 - Auth token received from the header
[WARN ] 2020-08-13 22:00:42.680 AuthorService:35 - Trigger uri : http://localhost:8080/api/library/author
[WARN ] 2020-08-13 22:05:31.486 AuthenticationService:29 - Trigger uri : http://localhost:8080/api/library/login
[WARN ] 2020-08-13 22:05:31.513 AuthenticationService:38 - Auth token received from the header
[WARN ] 2020-08-13 22:05:45.291 AuthorService:35 - Trigger uri : http://localhost:8080/api/library/author
[WARN ] 2020-08-13 22:06:34.557 AuthenticationService:29 - Trigger uri : http://localhost:8080/api/library/login
[WARN ] 2020-08-13 22:06:34.562 AuthenticationService:38 - Auth token received from the header
[WARN ] 2020-08-13 22:06:34.923 AuthorService:35 - Trigger uri : http://localhost:8080/api/library/author
[WARN ] 2020-08-13 22:18:09.694 AuthenticationService:29 - Trigger uri : http://localhost:8080/api/library/login
[WARN ] 2020-08-13 22:18:09.734 AuthenticationService:38 - Auth token received from the header
[WARN ] 2020-08-13 22:19:39.974 AuthenticationService:29 - Trigger uri : http://localhost:8080/api/library/login
[WARN ] 2020-08-13 22:19:39.979 AuthenticationService:38 - Auth token received from the header
[WARN ] 2020-08-13 22:24:58.530 AuthenticationService:29 - Trigger uri : http://localhost:8080/api/library/login
[WARN ] 2020-08-13 22:24:58.535 AuthenticationService:38 - Auth token received from the header
[WARN ] 2020-08-13 22:25:00.849 AuthorService:35 - Trigger uri : http://localhost:8080/api/library/author
[WARN ] 2020-08-13 22:25:58.786 AuthenticationService:29 - Trigger uri : http://localhost:8080/api/library/login
[WARN ] 2020-08-13 22:25:58.790 AuthenticationService:38 - Auth token received from the header
[WARN ] 2020-08-13 22:26:01.198 AuthorService:25 - Trigger uri : http://localhost:8080/api/library/authors?size=100
[WARN ] 2020-08-13 22:26:02.325 AuthorService:35 - Trigger uri : http://localhost:8080/api/library/author
[WARN ] 2020-08-13 22:26:03.817 AuthorService:63 - Trigger uri : http://localhost:8080/api/library/author/100006
[WARN ] 2020-08-13 22:26:54.596 AuthenticationService:29 - Trigger uri : http://localhost:8080/api/library/login
[WARN ] 2020-08-13 22:26:54.601 AuthenticationService:38 - Auth token received from the header
[WARN ] 2020-08-13 22:26:55.399 AuthorService:25 - Trigger uri : http://localhost:8080/api/library/authors?size=100
[WARN ] 2020-08-13 22:26:56.542 AuthorService:35 - Trigger uri : http://localhost:8080/api/library/author
[WARN ] 2020-08-13 22:26:56.867 AuthorService:63 - Trigger uri : http://localhost:8080/api/library/author/100006
[WARN ] 2020-08-13 22:30:44.828 AuthenticationService:29 - Trigger uri : http://localhost:8080/api/library/login
[WARN ] 2020-08-13 22:30:44.833 AuthenticationService:38 - Auth token received from the header
[WARN ] 2020-08-13 22:30:46.135 BookService:27 - Trigger uri : http://localhost:8080/api/library/books?size=100
[WARN ] 2020-08-13 22:30:46.685 AuthorService:25 - Trigger uri : http://localhost:8080/api/library/authors?size=100
[WARN ] 2020-08-13 22:30:48.845 BookService:55 - Trigger uri : http://localhost:8080/api/library/book/100005/9112
[WARN ] 2020-08-13 22:30:48.848 SaveBookWithNonexistentGenreTest:64 - Saving a Book with id: 5368failed because of nonexistent Genre with id: 9112
[WARN ] 2020-08-13 22:30:49.661 AuthenticationService:29 - Trigger uri : http://localhost:8080/api/library/login
[WARN ] 2020-08-13 22:30:49.664 AuthenticationService:38 - Auth token received from the header
[WARN ] 2020-08-13 22:30:49.985 SaveExistedGenreTest:36 - Falling to save a Genre with id: 9111
[WARN ] 2020-08-13 22:30:50.452 AuthenticationService:29 - Trigger uri : http://localhost:8080/api/library/login
[WARN ] 2020-08-13 22:30:50.454 AuthenticationService:38 - Auth token received from the header
[WARN ] 2020-08-13 22:30:50.646 AuthorService:25 - Trigger uri : http://localhost:8080/api/library/authors?size=100
[WARN ] 2020-08-13 22:30:50.968 AuthorService:35 - Trigger uri : http://localhost:8080/api/library/author
[WARN ] 2020-08-13 22:30:51.223 AuthorService:63 - Trigger uri : http://localhost:8080/api/library/author/100006
[WARN ] 2020-08-13 22:30:52.098 AuthenticationService:29 - Trigger uri : http://localhost:8080/api/library/login
[WARN ] 2020-08-13 22:30:52.100 AuthenticationService:38 - Auth token received from the header
[WARN ] 2020-08-13 22:30:52.728 BookService:27 - Trigger uri : http://localhost:8080/api/library/books?size=100
[WARN ] 2020-08-13 22:30:52.949 AuthorService:25 - Trigger uri : http://localhost:8080/api/library/authors?size=100
[WARN ] 2020-08-13 22:30:53.830 BookService:55 - Trigger uri : http://localhost:8080/api/library/book/100005/9111
[WARN ] 2020-08-13 22:30:54.027 BookService:73 - Trigger uri : http://localhost:8080/api/library/book/5368
[WARN ] 2020-08-13 22:30:55.033 AuthenticationService:29 - Trigger uri : http://localhost:8080/api/library/login
[WARN ] 2020-08-13 22:30:55.034 AuthenticationService:38 - Auth token received from the header
[WARN ] 2020-08-13 22:30:57.153 AuthenticationService:29 - Trigger uri : http://localhost:8080/api/library/login
[WARN ] 2020-08-13 22:30:57.155 AuthenticationService:38 - Auth token received from the header
[WARN ] 2020-08-13 22:30:57.328 AuthorService:25 - Trigger uri : http://localhost:8080/api/library/authors?size=100
[WARN ] 2020-08-13 22:30:57.582 AuthorService:35 - Trigger uri : http://localhost:8080/api/library/author
[WARN ] 2020-08-13 22:30:57.992 AuthorService:45 - Trigger uri : http://localhost:8080/api/library/author
[WARN ] 2020-08-13 22:30:58.224 AuthorService:63 - Trigger uri : http://localhost:8080/api/library/author/100006
[WARN ] 2020-08-13 22:30:58.766 AuthenticationService:29 - Trigger uri : http://localhost:8080/api/library/login
[WARN ] 2020-08-13 22:30:58.768 AuthenticationService:38 - Auth token received from the header
[WARN ] 2020-08-13 22:30:58.971 BookService:45 - Trigger uri : http://localhost:8080/api/library/books?size=100&sortBy=bookName
[WARN ] 2020-08-13 22:30:59.838 AuthenticationService:29 - Trigger uri : http://localhost:8080/api/library/login
[WARN ] 2020-08-13 22:30:59.839 AuthenticationService:38 - Auth token received from the header
[WARN ] 2020-08-13 22:31:01.789 BookService:36 - Trigger uri : http://localhost:8080/api/library/books
[WARN ] 2020-08-13 22:31:01.790 VerifyConnectionWithoutTokenTest:18 - Connection without token failed
[WARN ] 2020-08-13 22:34:50.489 AuthenticationService:29 - Trigger uri : http://localhost:8080/api/library/login
[WARN ] 2020-08-13 22:34:50.536 AuthenticationService:38 - Auth token received from the header
[WARN ] 2020-08-13 22:34:50.887 BookService:27 - Trigger uri : http://localhost:8080/api/library/books?size=100
[WARN ] 2020-08-13 22:34:51.552 AuthorService:25 - Trigger uri : http://localhost:8080/api/library/authors?size=100
[WARN ] 2020-08-13 22:34:52.221 BookService:55 - Trigger uri : http://localhost:8080/api/library/book/100005/9112
[WARN ] 2020-08-13 22:34:52.224 SaveBookWithNonexistentGenreTest:64 - Saving a Book with id: 5368failed because of nonexistent Genre with id: 9112
[WARN ] 2020-08-13 22:34:53.023 AuthenticationService:29 - Trigger uri : http://localhost:8080/api/library/login
[WARN ] 2020-08-13 22:34:53.027 AuthenticationService:38 - Auth token received from the header
[WARN ] 2020-08-13 22:34:53.426 SaveExistedGenreTest:36 - Falling to save a Genre with id: 9111
[WARN ] 2020-08-13 22:34:54.022 AuthenticationService:29 - Trigger uri : http://localhost:8080/api/library/login
[WARN ] 2020-08-13 22:34:54.025 AuthenticationService:38 - Auth token received from the header
[WARN ] 2020-08-13 22:34:55.148 AuthorService:25 - Trigger uri : http://localhost:8080/api/library/authors?size=100
[WARN ] 2020-08-13 22:34:56.168 AuthorService:35 - Trigger uri : http://localhost:8080/api/library/author
[WARN ] 2020-08-13 22:34:56.408 AuthorService:63 - Trigger uri : http://localhost:8080/api/library/author/100006
[WARN ] 2020-08-13 22:34:57.036 AuthenticationService:29 - Trigger uri : http://localhost:8080/api/library/login
[WARN ] 2020-08-13 22:34:57.038 AuthenticationService:38 - Auth token received from the header
[WARN ] 2020-08-13 22:34:57.227 BookService:27 - Trigger uri : http://localhost:8080/api/library/books?size=100
[WARN ] 2020-08-13 22:34:57.407 AuthorService:25 - Trigger uri : http://localhost:8080/api/library/authors?size=100
[WARN ] 2020-08-13 22:34:57.849 BookService:55 - Trigger uri : http://localhost:8080/api/library/book/100005/9111
[WARN ] 2020-08-13 22:34:58.222 BookService:73 - Trigger uri : http://localhost:8080/api/library/book/5368
[WARN ] 2020-08-13 22:34:58.833 AuthenticationService:29 - Trigger uri : http://localhost:8080/api/library/login
[WARN ] 2020-08-13 22:34:58.835 AuthenticationService:38 - Auth token received from the header
[WARN ] 2020-08-13 22:35:00.100 AuthenticationService:29 - Trigger uri : http://localhost:8080/api/library/login
[WARN ] 2020-08-13 22:35:00.101 AuthenticationService:38 - Auth token received from the header
[WARN ] 2020-08-13 22:35:00.300 AuthorService:25 - Trigger uri : http://localhost:8080/api/library/authors?size=100
[WARN ] 2020-08-13 22:35:00.636 AuthorService:35 - Trigger uri : http://localhost:8080/api/library/author
[WARN ] 2020-08-13 22:35:00.866 AuthorService:45 - Trigger uri : http://localhost:8080/api/library/author
[WARN ] 2020-08-13 22:35:01.176 AuthorService:63 - Trigger uri : http://localhost:8080/api/library/author/100006
[WARN ] 2020-08-13 22:35:01.675 AuthenticationService:29 - Trigger uri : http://localhost:8080/api/library/login
[WARN ] 2020-08-13 22:35:01.676 AuthenticationService:38 - Auth token received from the header
[WARN ] 2020-08-13 22:35:01.883 BookService:45 - Trigger uri : http://localhost:8080/api/library/books?size=100&sortBy=bookName
[WARN ] 2020-08-13 22:35:02.599 AuthenticationService:29 - Trigger uri : http://localhost:8080/api/library/login
[WARN ] 2020-08-13 22:35:02.601 AuthenticationService:38 - Auth token received from the header
[WARN ] 2020-08-13 22:35:02.715 BookService:36 - Trigger uri : http://localhost:8080/api/library/books
[WARN ] 2020-08-13 22:35:02.716 VerifyConnectionWithoutTokenTest:18 - Connection without token failed
[WARN ] 2020-08-13 22:38:47.665 AuthenticationService:29 - Trigger uri : http://localhost:8080/api/library/login
[WARN ] 2020-08-13 22:38:47.671 AuthenticationService:38 - Auth token received from the header
[WARN ] 2020-08-13 22:38:48.033 BookService:27 - Trigger uri : http://localhost:8080/api/library/books?size=100
[WARN ] 2020-08-13 22:38:48.956 AuthorService:25 - Trigger uri : http://localhost:8080/api/library/authors?size=100
[WARN ] 2020-08-13 22:38:50.258 BookService:55 - Trigger uri : http://localhost:8080/api/library/book/100005/9112
[WARN ] 2020-08-13 22:38:50.264 SaveBookWithNonexistentGenreTest:64 - Saving a Book with id: 5368failed because of nonexistent Genre with id: 9112
[WARN ] 2020-08-13 22:38:51.884 AuthenticationService:29 - Trigger uri : http://localhost:8080/api/library/login
[WARN ] 2020-08-13 22:38:51.888 AuthenticationService:38 - Auth token received from the header
[WARN ] 2020-08-13 22:38:52.340 SaveExistedGenreTest:36 - Falling to save a Genre with id: 9111
[WARN ] 2020-08-13 22:38:52.932 AuthenticationService:29 - Trigger uri : http://localhost:8080/api/library/login
[WARN ] 2020-08-13 22:38:52.933 AuthenticationService:38 - Auth token received from the header
[WARN ] 2020-08-13 22:38:53.063 AuthorService:25 - Trigger uri : http://localhost:8080/api/library/authors?size=100
[WARN ] 2020-08-13 22:38:53.401 AuthorService:35 - Trigger uri : http://localhost:8080/api/library/author
[WARN ] 2020-08-13 22:38:53.674 AuthorService:63 - Trigger uri : http://localhost:8080/api/library/author/100006
[WARN ] 2020-08-13 22:38:54.144 AuthenticationService:29 - Trigger uri : http://localhost:8080/api/library/login
[WARN ] 2020-08-13 22:38:54.146 AuthenticationService:38 - Auth token received from the header
[WARN ] 2020-08-13 22:38:54.377 BookService:27 - Trigger uri : http://localhost:8080/api/library/books?size=100
[WARN ] 2020-08-13 22:38:54.603 AuthorService:25 - Trigger uri : http://localhost:8080/api/library/authors?size=100
[WARN ] 2020-08-13 22:38:55.087 BookService:55 - Trigger uri : http://localhost:8080/api/library/book/100005/9111
[WARN ] 2020-08-13 22:38:55.331 BookService:73 - Trigger uri : http://localhost:8080/api/library/book/5368
[WARN ] 2020-08-13 22:38:55.774 AuthenticationService:29 - Trigger uri : http://localhost:8080/api/library/login
[WARN ] 2020-08-13 22:38:55.776 AuthenticationService:38 - Auth token received from the header
[WARN ] 2020-08-13 22:38:57.764 AuthenticationService:29 - Trigger uri : http://localhost:8080/api/library/login
[WARN ] 2020-08-13 22:38:57.765 AuthenticationService:38 - Auth token received from the header
[WARN ] 2020-08-13 22:38:58.023 AuthorService:25 - Trigger uri : http://localhost:8080/api/library/authors?size=100
[WARN ] 2020-08-13 22:38:58.297 AuthorService:35 - Trigger uri : http://localhost:8080/api/library/author
[WARN ] 2020-08-13 22:38:58.533 AuthorService:45 - Trigger uri : http://localhost:8080/api/library/author
[WARN ] 2020-08-13 22:38:58.827 AuthorService:63 - Trigger uri : http://localhost:8080/api/library/author/100006
[WARN ] 2020-08-13 22:38:59.737 AuthenticationService:29 - Trigger uri : http://localhost:8080/api/library/login
[WARN ] 2020-08-13 22:38:59.738 AuthenticationService:38 - Auth token received from the header
[WARN ] 2020-08-13 22:39:00.196 BookService:45 - Trigger uri : http://localhost:8080/api/library/books?size=100&sortBy=bookName
[WARN ] 2020-08-13 22:39:01.147 AuthenticationService:29 - Trigger uri : http://localhost:8080/api/library/login
[WARN ] 2020-08-13 22:39:01.150 AuthenticationService:38 - Auth token received from the header
[WARN ] 2020-08-13 22:39:01.242 BookService:36 - Trigger uri : http://localhost:8080/api/library/books
[WARN ] 2020-08-13 22:39:01.245 VerifyConnectionWithoutTokenTest:18 - Connection without token failed
[WARN ] 2020-08-14 13:36:13.205 AuthenticationService:29 - Trigger uri : http://localhost:8080/api/library/login
[WARN ] 2020-08-14 13:36:13.231 AuthenticationService:38 - Auth token received from the header
[WARN ] 2020-08-14 13:36:15.499 BookService:27 - Trigger uri : http://localhost:8080/api/library/books?size=100
[WARN ] 2020-08-14 13:36:16.399 AuthorService:25 - Trigger uri : http://localhost:8080/api/library/authors?size=100
[WARN ] 2020-08-14 13:36:18.187 BookService:55 - Trigger uri : http://localhost:8080/api/library/book/100005/9112
[WARN ] 2020-08-14 13:36:18.191 SaveBookWithNonexistentGenreTest:64 - Saving a Book with id: 5368failed because of nonexistent Genre with id: 9112
[WARN ] 2020-08-14 13:36:19.584 AuthenticationService:29 - Trigger uri : http://localhost:8080/api/library/login
[WARN ] 2020-08-14 13:36:19.587 AuthenticationService:38 - Auth token received from the header
[WARN ] 2020-08-14 13:36:20.434 SaveExistedGenreTest:36 - Falling to save a Genre with id: 9111
[WARN ] 2020-08-14 13:36:21.751 AuthenticationService:29 - Trigger uri : http://localhost:8080/api/library/login
[WARN ] 2020-08-14 13:36:21.753 AuthenticationService:38 - Auth token received from the header
[WARN ] 2020-08-14 13:36:21.868 AuthorService:25 - Trigger uri : http://localhost:8080/api/library/authors?size=100
[WARN ] 2020-08-14 13:36:23.503 AuthorService:35 - Trigger uri : http://localhost:8080/api/library/author
[WARN ] 2020-08-14 13:36:24.076 AuthorService:63 - Trigger uri : http://localhost:8080/api/library/author/100006
[WARN ] 2020-08-14 13:36:25.206 AuthenticationService:29 - Trigger uri : http://localhost:8080/api/library/login
[WARN ] 2020-08-14 13:36:25.207 AuthenticationService:38 - Auth token received from the header
[WARN ] 2020-08-14 13:36:25.354 BookService:27 - Trigger uri : http://localhost:8080/api/library/books?size=100
[WARN ] 2020-08-14 13:36:25.518 AuthorService:25 - Trigger uri : http://localhost:8080/api/library/authors?size=100
[WARN ] 2020-08-14 13:36:26.234 BookService:55 - Trigger uri : http://localhost:8080/api/library/book/100005/9111
[WARN ] 2020-08-14 13:36:26.471 BookService:73 - Trigger uri : http://localhost:8080/api/library/book/5368
[WARN ] 2020-08-14 13:36:27.094 AuthenticationService:29 - Trigger uri : http://localhost:8080/api/library/login
[WARN ] 2020-08-14 13:36:27.098 AuthenticationService:38 - Auth token received from the header
[WARN ] 2020-08-14 13:36:28.977 AuthenticationService:29 - Trigger uri : http://localhost:8080/api/library/login
[WARN ] 2020-08-14 13:36:28.979 AuthenticationService:38 - Auth token received from the header
[WARN ] 2020-08-14 13:36:29.103 AuthorService:25 - Trigger uri : http://localhost:8080/api/library/authors?size=100
[WARN ] 2020-08-14 13:36:30.054 AuthorService:35 - Trigger uri : http://localhost:8080/api/library/author
[WARN ] 2020-08-14 13:36:31.194 AuthorService:45 - Trigger uri : http://localhost:8080/api/library/author
[WARN ] 2020-08-14 13:36:31.702 AuthorService:63 - Trigger uri : http://localhost:8080/api/library/author/100006
[WARN ] 2020-08-14 13:36:32.567 AuthenticationService:29 - Trigger uri : http://localhost:8080/api/library/login
[WARN ] 2020-08-14 13:36:32.568 AuthenticationService:38 - Auth token received from the header
[WARN ] 2020-08-14 13:36:32.686 BookService:45 - Trigger uri : http://localhost:8080/api/library/books?size=100&sortBy=bookName
[WARN ] 2020-08-14 13:36:34.488 AuthenticationService:29 - Trigger uri : http://localhost:8080/api/library/login
[WARN ] 2020-08-14 13:36:34.493 AuthenticationService:38 - Auth token received from the header
[WARN ] 2020-08-14 13:36:35.085 BookService:36 - Trigger uri : http://localhost:8080/api/library/books
[WARN ] 2020-08-14 13:36:35.088 VerifyConnectionWithoutTokenTest:18 - Connection without token failed
[WARN ] 2020-08-14 13:43:39.691 AuthenticationService:29 - Trigger uri : http://localhost:8080/api/library/login
[WARN ] 2020-08-14 13:43:39.715 AuthenticationService:38 - Auth token received from the header
[WARN ] 2020-08-14 13:43:40.266 AuthorService:25 - Trigger uri : http://localhost:8080/api/library/authors?size=100
[WARN ] 2020-08-14 14:25:28.391 AuthenticationService:29 - Trigger uri : http://localhost:8080/api/library/login
[WARN ] 2020-08-14 14:25:28.415 AuthenticationService:38 - Auth token received from the header
[WARN ] 2020-08-14 14:25:29.036 AuthorService:29 - Trigger uri : http://localhost:8080/api/library/authors?size=100
[WARN ] 2020-08-14 14:25:30.960 AuthorService:39 - Trigger uri : http://localhost:8080/api/library/author
[WARN ] 2020-08-14 14:25:31.410 AuthorService:67 - Trigger uri : http://localhost:8080/api/library/author/100006
[WARN ] 2020-08-14 14:26:41.438 AuthenticationService:29 - Trigger uri : http://localhost:8080/api/library/login
[WARN ] 2020-08-14 14:26:41.445 AuthenticationService:38 - Auth token received from the header
[WARN ] 2020-08-14 14:37:34.904 AuthenticationService:29 - Trigger uri : http://localhost:8080/api/library/login
[WARN ] 2020-08-14 14:37:34.928 AuthenticationService:38 - Auth token received from the header
[WARN ] 2020-08-14 14:37:36.536 BookService:54 - Trigger uri : http://localhost:8080/api/library/books?size=100&orderType=desc&sortBy=bookName
[WARN ] 2020-08-14 14:40:30.637 AuthenticationService:29 - Trigger uri : http://localhost:8080/api/library/login
[WARN ] 2020-08-14 14:40:30.742 AuthenticationService:38 - Auth token received from the header
[WARN ] 2020-08-14 14:40:31.487 BookService:54 - Trigger uri : http://localhost:8080/api/library/books?size=100&orderType=desc&sortBy=bookName
[WARN ] 2020-08-14 14:42:27.472 AuthenticationService:29 - Trigger uri : http://localhost:8080/api/library/login
[WARN ] 2020-08-14 14:42:27.481 AuthenticationService:38 - Auth token received from the header
[WARN ] 2020-08-14 14:42:29.676 BookService:54 - Trigger uri : http://localhost:8080/api/library/books?size=100&orderType=desc&sortBy=bookName
[WARN ] 2020-08-14 14:54:33.693 AuthenticationService:29 - Trigger uri : http://localhost:8080/api/library/login
[WARN ] 2020-08-14 14:54:33.730 AuthenticationService:38 - Auth token received from the header
[WARN ] 2020-08-14 14:54:35.247 BookService:31 - Trigger uri : http://localhost:8080/api/library/books?size=200
[WARN ] 2020-08-14 14:54:36.256 AuthorService:29 - Trigger uri : http://localhost:8080/api/library/authors?size=200
[WARN ] 2020-08-14 14:54:38.068 BookService:64 - Trigger uri : http://localhost:8080/api/library/book/100005/9112
[WARN ] 2020-08-14 14:54:38.071 SaveBookWithNonexistentGenreTest:64 - Saving a Book with id: 9822failed because of nonexistent Genre with id: 9112
[WARN ] 2020-08-14 14:54:39.107 AuthenticationService:29 - Trigger uri : http://localhost:8080/api/library/login
[WARN ] 2020-08-14 14:54:39.110 AuthenticationService:38 - Auth token received from the header
[WARN ] 2020-08-14 14:54:39.898 SaveExistedGenreTest:36 - Falling to save a Genre with id: 9111
[WARN ] 2020-08-14 14:54:40.771 AuthenticationService:29 - Trigger uri : http://localhost:8080/api/library/login
[WARN ] 2020-08-14 14:54:40.773 AuthenticationService:38 - Auth token received from the header
[WARN ] 2020-08-14 14:54:40.875 AuthorService:29 - Trigger uri : http://localhost:8080/api/library/authors?size=200
[WARN ] 2020-08-14 14:54:41.932 AuthorService:39 - Trigger uri : http://localhost:8080/api/library/author
[WARN ] 2020-08-14 14:54:42.608 AuthorService:67 - Trigger uri : http://localhost:8080/api/library/author/100006
[WARN ] 2020-08-14 14:54:43.525 AuthenticationService:29 - Trigger uri : http://localhost:8080/api/library/login
[WARN ] 2020-08-14 14:54:43.527 AuthenticationService:38 - Auth token received from the header
[WARN ] 2020-08-14 14:54:43.646 BookService:31 - Trigger uri : http://localhost:8080/api/library/books?size=200
[WARN ] 2020-08-14 14:54:43.973 AuthorService:29 - Trigger uri : http://localhost:8080/api/library/authors?size=200
[WARN ] 2020-08-14 14:54:44.819 BookService:64 - Trigger uri : http://localhost:8080/api/library/book/100005/9111
[WARN ] 2020-08-14 14:54:45.035 BookService:82 - Trigger uri : http://localhost:8080/api/library/book/9822
[WARN ] 2020-08-14 14:54:45.985 AuthenticationService:29 - Trigger uri : http://localhost:8080/api/library/login
[WARN ] 2020-08-14 14:54:45.987 AuthenticationService:38 - Auth token received from the header
[WARN ] 2020-08-14 14:54:47.698 AuthenticationService:29 - Trigger uri : http://localhost:8080/api/library/login
[WARN ] 2020-08-14 14:54:47.700 AuthenticationService:38 - Auth token received from the header
[WARN ] 2020-08-14 14:54:47.836 AuthorService:29 - Trigger uri : http://localhost:8080/api/library/authors?size=200
[WARN ] 2020-08-14 14:54:48.218 AuthorService:39 - Trigger uri : http://localhost:8080/api/library/author
[WARN ] 2020-08-14 14:54:48.457 AuthorService:49 - Trigger uri : http://localhost:8080/api/library/author
[WARN ] 2020-08-14 14:54:48.615 AuthorService:67 - Trigger uri : http://localhost:8080/api/library/author/100006
[WARN ] 2020-08-14 14:54:49.474 AuthenticationService:29 - Trigger uri : http://localhost:8080/api/library/login
[WARN ] 2020-08-14 14:54:49.477 AuthenticationService:38 - Auth token received from the header
[WARN ] 2020-08-14 14:54:49.624 BookService:54 - Trigger uri : http://localhost:8080/api/library/books?size=200&orderType=desc&sortBy=bookName
[WARN ] 2020-08-14 14:54:50.703 AuthenticationService:29 - Trigger uri : http://localhost:8080/api/library/login
[WARN ] 2020-08-14 14:54:50.704 AuthenticationService:38 - Auth token received from the header
[WARN ] 2020-08-14 14:54:50.902 BookService:40 - Trigger uri : http://localhost:8080/api/library/books
[WARN ] 2020-08-14 14:54:50.905 VerifyConnectionWithoutTokenTest:18 - Connection without token failed
[WARN ] 2020-08-14 18:26:50.279 AuthenticationService:29 - Trigger uri : http://localhost:8080/api/library/login
[WARN ] 2020-08-14 18:26:50.308 AuthenticationService:38 - Auth token received from the header
[WARN ] 2020-08-14 18:26:57.512 BookService:31 - Trigger uri : http://localhost:8080/api/library/books?size=200
[WARN ] 2020-08-14 18:27:01.785 AuthorService:29 - Trigger uri : http://localhost:8080/api/library/authors?size=200
[WARN ] 2020-08-14 18:27:05.217 BookService:64 - Trigger uri : http://localhost:8080/api/library/book/100005/9112
[WARN ] 2020-08-14 18:27:05.226 SaveBookWithNonexistentGenreTest:64 - Saving a Book with id: 9822failed because of nonexistent Genre with id: 9112
[WARN ] 2020-08-14 18:27:07.308 AuthenticationService:29 - Trigger uri : http://localhost:8080/api/library/login
[WARN ] 2020-08-14 18:27:07.312 AuthenticationService:38 - Auth token received from the header
[WARN ] 2020-08-14 18:27:08.732 SaveExistedGenreTest:36 - Falling to save a Genre with id: 9111
[WARN ] 2020-08-14 18:27:10.279 AuthenticationService:29 - Trigger uri : http://localhost:8080/api/library/login
[WARN ] 2020-08-14 18:27:10.280 AuthenticationService:38 - Auth token received from the header
[WARN ] 2020-08-14 18:27:10.400 AuthorService:29 - Trigger uri : http://localhost:8080/api/library/authors?size=200
[WARN ] 2020-08-14 18:27:13.518 AuthorService:39 - Trigger uri : http://localhost:8080/api/library/author
[WARN ] 2020-08-14 18:27:14.204 AuthorService:67 - Trigger uri : http://localhost:8080/api/library/author/100006
[WARN ] 2020-08-14 18:27:14.796 AuthenticationService:29 - Trigger uri : http://localhost:8080/api/library/login
[WARN ] 2020-08-14 18:27:14.798 AuthenticationService:38 - Auth token received from the header
[WARN ] 2020-08-14 18:27:15.004 BookService:31 - Trigger uri : http://localhost:8080/api/library/books?size=200
[WARN ] 2020-08-14 18:27:15.286 AuthorService:29 - Trigger uri : http://localhost:8080/api/library/authors?size=200
[WARN ] 2020-08-14 18:27:15.970 BookService:64 - Trigger uri : http://localhost:8080/api/library/book/100005/9111
[WARN ] 2020-08-14 18:27:16.157 BookService:82 - Trigger uri : http://localhost:8080/api/library/book/9822
[WARN ] 2020-08-14 18:27:16.812 AuthenticationService:29 - Trigger uri : http://localhost:8080/api/library/login
[WARN ] 2020-08-14 18:27:16.814 AuthenticationService:38 - Auth token received from the header
[WARN ] 2020-08-14 18:27:19.700 AuthenticationService:29 - Trigger uri : http://localhost:8080/api/library/login
[WARN ] 2020-08-14 18:27:19.701 AuthenticationService:38 - Auth token received from the header
[WARN ] 2020-08-14 18:27:20.032 AuthorService:29 - Trigger uri : http://localhost:8080/api/library/authors?size=200
[WARN ] 2020-08-14 18:27:20.395 AuthorService:39 - Trigger uri : http://localhost:8080/api/library/author
[WARN ] 2020-08-14 18:27:20.594 AuthorService:49 - Trigger uri : http://localhost:8080/api/library/author
[WARN ] 2020-08-14 18:27:20.745 AuthorService:67 - Trigger uri : http://localhost:8080/api/library/author/100006
[WARN ] 2020-08-14 18:27:22.620 AuthenticationService:29 - Trigger uri : http://localhost:8080/api/library/login
[WARN ] 2020-08-14 18:27:22.622 AuthenticationService:38 - Auth token received from the header
[WARN ] 2020-08-14 18:27:22.734 BookService:54 - Trigger uri : http://localhost:8080/api/library/books?size=200&orderType=desc&sortBy=bookName
[WARN ] 2020-08-14 18:27:24.300 AuthenticationService:29 - Trigger uri : http://localhost:8080/api/library/login
[WARN ] 2020-08-14 18:27:24.301 AuthenticationService:38 - Auth token received from the header
[WARN ] 2020-08-14 18:27:24.621 BookService:40 - Trigger uri : http://localhost:8080/api/library/books
[WARN ] 2020-08-14 18:27:24.623 VerifyConnectionWithoutTokenTest:18 - Connection without token failed
[WARN ] 2020-08-14 19:52:30.467 AuthenticationService:29 - Trigger uri : http://localhost:8080/api/library/login
[WARN ] 2020-08-14 19:52:30.495 AuthenticationService:38 - Auth token received from the header
[WARN ] 2020-08-14 19:53:31.538 AuthenticationService:29 - Trigger uri : http://localhost:8080/api/library/login
[WARN ] 2020-08-14 19:53:31.775 AuthenticationService:38 - Auth token received from the header
[WARN ] 2020-08-14 19:53:33.717 SaveExistedGenreTest:36 - Falling to save a Genre with id: 9111
[WARN ] 2020-08-14 19:54:30.250 AuthenticationService:29 - Trigger uri : http://localhost:8080/api/library/login
[WARN ] 2020-08-14 19:54:30.258 AuthenticationService:38 - Auth token received from the header
[WARN ] 2020-08-14 19:54:31.727 BookService:31 - Trigger uri : http://localhost:8080/api/library/books?size=200
[WARN ] 2020-08-14 19:54:33.091 AuthorService:29 - Trigger uri : http://localhost:8080/api/library/authors?size=200
[WARN ] 2020-08-14 19:54:35.111 BookService:64 - Trigger uri : http://localhost:8080/api/library/book/100005/9112
[WARN ] 2020-08-14 19:55:23.090 AuthenticationService:29 - Trigger uri : http://localhost:8080/api/library/login
[WARN ] 2020-08-14 19:55:23.099 AuthenticationService:38 - Auth token received from the header
[WARN ] 2020-08-14 19:55:24.023 BookService:31 - Trigger uri : http://localhost:8080/api/library/books?size=200
[WARN ] 2020-08-14 19:55:25.904 AuthorService:29 - Trigger uri : http://localhost:8080/api/library/authors?size=200
[WARN ] 2020-08-14 19:55:27.156 BookService:64 - Trigger uri : http://localhost:8080/api/library/book/100005/9112
[WARN ] 2020-08-14 19:55:27.158 SaveBookWithNonexistentGenreTest:64 - Saving a Book with id: 9822failed because of nonexistent Genre with id: 9112
[WARN ] 2020-08-14 20:04:27.819 AuthenticationService:29 - Trigger uri : http://localhost:8080/api/library/login
[WARN ] 2020-08-14 20:04:27.846 AuthenticationService:38 - Auth token received from the header
[WARN ] 2020-08-14 20:04:28.720 AuthorService:29 - Trigger uri : http://localhost:8080/api/library/authors?size=200
[WARN ] 2020-08-14 20:04:32.539 AuthorService:39 - Trigger uri : http://localhost:8080/api/library/author
[WARN ] 2020-08-14 20:04:33.924 AuthorService:67 - Trigger uri : http://localhost:8080/api/library/author/100006
[WARN ] 2020-08-14 20:24:56.993 AuthenticationService:29 - Trigger uri : http://localhost:8080/api/library/login
[WARN ] 2020-08-14 20:24:57.022 AuthenticationService:38 - Auth token received from the header
[WARN ] 2020-08-14 20:24:57.622 AuthorService:29 - Trigger uri : http://localhost:8080/api/library/authors?size=200
[WARN ] 2020-08-14 20:24:58.604 AuthorService:39 - Trigger uri : http://localhost:8080/api/library/author
[WARN ] 2020-08-14 20:24:59.791 AuthorService:49 - Trigger uri : http://localhost:8080/api/library/author
[WARN ] 2020-08-14 20:25:00.277 AuthorService:67 - Trigger uri : http://localhost:8080/api/library/author/100006
[WARN ] 2020-08-14 20:27:50.296 AuthenticationService:29 - Trigger uri : http://localhost:8080/api/library/login
[WARN ] 2020-08-14 20:27:50.303 AuthenticationService:38 - Auth token received from the header
[WARN ] 2020-08-14 20:28:48.741 AuthenticationService:29 - Trigger uri : http://localhost:8080/api/library/login
[WARN ] 2020-08-14 20:28:48.773 AuthenticationService:38 - Auth token received from the header
[WARN ] 2020-08-14 20:28:50.595 SaveExistedGenreTest:33 - Falling to save a Genre with id: 9111
[WARN ] 2020-08-14 20:32:27.352 AuthenticationService:29 - Trigger uri : http://localhost:8080/api/library/login
[WARN ] 2020-08-14 20:32:27.359 AuthenticationService:38 - Auth token received from the header
[WARN ] 2020-08-14 20:32:28.172 BookService:31 - Trigger uri : http://localhost:8080/api/library/books?size=200
[WARN ] 2020-08-14 20:32:28.928 AuthorService:29 - Trigger uri : http://localhost:8080/api/library/authors?size=200
[WARN ] 2020-08-14 20:32:30.063 BookService:64 - Trigger uri : http://localhost:8080/api/library/book/100005/9111
[WARN ] 2020-08-14 20:32:30.721 BookService:82 - Trigger uri : http://localhost:8080/api/library/book/9822
[WARN ] 2020-08-14 20:34:05.681 AuthenticationService:29 - Trigger uri : http://localhost:8080/api/library/login
[WARN ] 2020-08-14 20:34:05.687 AuthenticationService:38 - Auth token received from the header
[WARN ] 2020-08-14 20:34:06.182 BookService:31 - Trigger uri : http://localhost:8080/api/library/books?size=200
[WARN ] 2020-08-14 20:34:06.844 AuthorService:29 - Trigger uri : http://localhost:8080/api/library/authors?size=200
[WARN ] 2020-08-14 20:34:07.533 BookService:64 - Trigger uri : http://localhost:8080/api/library/book/100005/9112
[WARN ] 2020-08-14 20:34:07.535 SaveBookWithNonexistentGenreTest:49 - Saving a Book with id: 9822 failed because of nonexistent Genre with id: 9112
